<?xml version="1.0" encoding="UTF-8"?>
<!-- Generated by org.testng.reporters.JUnitReportReporter -->
<testsuite hostname="MYLOP6109355" failures="0" tests="1" name="testcases.LoginTest" time="7.638" errors="0" timestamp="2022-11-26T20:53:29 SGT" skipped="0">
  <testcase classname="testcases.LoginTest" name="loginToHRM" time="7.638"/>
  <system-out/>
</testsuite> <!-- testcases.LoginTest -->
