<?xml version="1.0" encoding="UTF-8"?>
<!-- Generated by org.testng.reporters.JUnitReportReporter -->
<testsuite hostname="MYLOP6109355" failures="0" tests="1" name="testcases.TestLib" time="0.521" errors="0" timestamp="2022-11-26T20:40:58 SGT" skipped="0">
  <testcase classname="testcases.TestLib" name="test1" time="0.521"/>
  <system-out/>
</testsuite> <!-- testcases.TestLib -->
